6:25:10 AM  [main] 	Initializing Control Panel
6:25:10 AM  [main] 	Windows Version:  Enterprise  64-bit
6:25:10 AM  [main] 	XAMPP Version: 8.1.5
6:25:10 AM  [main] 	Control Panel Version: 3.3.0  [ Compiled: Apr 6th 2021 ]
6:25:10 AM  [main] 	You are not running with administrator rights! This will work for
6:25:10 AM  [main] 	most application stuff but whenever you do something with services
6:25:10 AM  [main] 	there will be a security dialogue or things will break! So think 
6:25:10 AM  [main] 	about running this application with administrator rights!
6:25:10 AM  [main] 	XAMPP Installation Directory: "d:\xampp\"
6:25:10 AM  [main] 	Checking for prerequisites
6:25:10 AM  [main] 	All prerequisites found
6:25:10 AM  [main] 	Initializing Modules
6:25:10 AM  [main] 	Starting Check-Timer
6:25:10 AM  [main] 	Control Panel Ready
6:25:12 AM  [Apache] 	Attempting to start Apache app...
6:25:12 AM  [Apache] 	Status change detected: running
6:25:13 AM  [mysql] 	Attempting to start MySQL app...
6:25:14 AM  [mysql] 	Status change detected: running
8:35:00 AM  [mysql] 	Attempting to stop MySQL app...
8:35:01 AM  [mysql] 	Status change detected: stopped
8:35:01 AM  [Apache] 	Attempting to stop Apache (PID: 11924)
8:35:01 AM  [Apache] 	Attempting to stop Apache (PID: 12620)
8:35:02 AM  [Apache] 	Status change detected: stopped
9:56:13 AM  [main] 	Deinitializing Modules
9:56:13 AM  [main] 	Deinitializing Control Panel

2:51:41 PM  [main] 	Initializing Control Panel
2:51:41 PM  [main] 	Windows Version:  Enterprise  64-bit
2:51:41 PM  [main] 	XAMPP Version: 8.1.5
2:51:41 PM  [main] 	Control Panel Version: 3.3.0  [ Compiled: Apr 6th 2021 ]
2:51:41 PM  [main] 	You are not running with administrator rights! This will work for
2:51:41 PM  [main] 	most application stuff but whenever you do something with services
2:51:41 PM  [main] 	there will be a security dialogue or things will break! So think 
2:51:41 PM  [main] 	about running this application with administrator rights!
2:51:41 PM  [main] 	XAMPP Installation Directory: "d:\xampp\"
2:51:41 PM  [main] 	Checking for prerequisites
2:51:42 PM  [main] 	All prerequisites found
2:51:42 PM  [main] 	Initializing Modules
2:51:42 PM  [main] 	Starting Check-Timer
2:51:42 PM  [main] 	Control Panel Ready
2:51:44 PM  [Apache] 	Attempting to start Apache app...
2:51:44 PM  [Apache] 	Status change detected: running
2:51:45 PM  [mysql] 	Attempting to start MySQL app...
2:51:48 PM  [mysql] 	Status change detected: running
2:55:29 PM  [Apache] 	Status change detected: stopped
2:55:29 PM  [Apache] 	Error: Apache shutdown unexpectedly.
2:55:29 PM  [Apache] 	This may be due to a blocked port, missing dependencies, 
2:55:29 PM  [Apache] 	improper privileges, a crash, or a shutdown by another method.
2:55:29 PM  [Apache] 	Press the Logs button to view error logs and check
2:55:29 PM  [Apache] 	the Windows Event Viewer for more clues
2:55:29 PM  [Apache] 	If you need more help, copy and post this
2:55:29 PM  [Apache] 	entire log window on the forums
2:55:29 PM  [mysql] 	Status change detected: stopped
2:55:29 PM  [mysql] 	Error: MySQL shutdown unexpectedly.
2:55:29 PM  [mysql] 	This may be due to a blocked port, missing dependencies, 
2:55:29 PM  [mysql] 	improper privileges, a crash, or a shutdown by another method.
2:55:29 PM  [mysql] 	Press the Logs button to view error logs and check
2:55:29 PM  [mysql] 	the Windows Event Viewer for more clues
2:55:29 PM  [mysql] 	If you need more help, copy and post this
2:55:29 PM  [mysql] 	entire log window on the forums
2:55:31 PM  [Apache] 	Status change detected: running
2:55:35 PM  [mysql] 	Status change detected: running
3:57:39 PM  [Apache] 	Status change detected: stopped
3:57:39 PM  [Apache] 	Error: Apache shutdown unexpectedly.
3:57:39 PM  [Apache] 	This may be due to a blocked port, missing dependencies, 
3:57:39 PM  [Apache] 	improper privileges, a crash, or a shutdown by another method.
3:57:39 PM  [Apache] 	Press the Logs button to view error logs and check
3:57:39 PM  [Apache] 	the Windows Event Viewer for more clues
3:57:39 PM  [Apache] 	If you need more help, copy and post this
3:57:39 PM  [Apache] 	entire log window on the forums
3:57:40 PM  [mysql] 	Status change detected: stopped
3:57:40 PM  [mysql] 	Error: MySQL shutdown unexpectedly.
3:57:40 PM  [mysql] 	This may be due to a blocked port, missing dependencies, 
3:57:40 PM  [mysql] 	improper privileges, a crash, or a shutdown by another method.
3:57:40 PM  [mysql] 	Press the Logs button to view error logs and check
3:57:40 PM  [mysql] 	the Windows Event Viewer for more clues
3:57:40 PM  [mysql] 	If you need more help, copy and post this
3:57:40 PM  [mysql] 	entire log window on the forums
3:57:53 PM  [main] 	Deinitializing Modules
3:57:53 PM  [main] 	Deinitializing Control Panel

